<?xml version="1.0" encoding="UTF-8"?>
<!-- Generated by org.testng.reporters.JUnitXMLReporter -->
<testsuite hostname="shankar-PC" ignored="0" name="Test" tests="3" failures="0" timestamp="2021-03-02T19:40:59 IST" time="171.05" errors="0">
  <testcase name="basepagenavigation" time="59.56" classname="Acardemy.Validatepage"/>
  <testcase name="basepagenavigation" time="42.834" classname="Acardemy.Validatepage"/>
  <testcase name="basepagenavigation" time="0.637" classname="Acardemy.Homepage"/>
</testsuite> <!-- Test -->
