<?xml version="1.0" encoding="UTF-8"?>
<testng-results skipped="0" failed="0" ignored="0" total="3" passed="3">
  <reporter-output>
  </reporter-output>
  <suite name="Suite" duration-ms="171050" started-at="2021-03-02T19:38:08 IST" finished-at="2021-03-02T19:40:59 IST">
    <groups>
    </groups>
    <test name="Test" duration-ms="171050" started-at="2021-03-02T19:38:08 IST" finished-at="2021-03-02T19:40:59 IST">
      <class name="Acardemy.Homepage">
        <test-method status="PASS" signature="initlize()[pri:0, instance:Acardemy.Homepage@1f57539]" name="initlize" is-config="true" duration-ms="64181" started-at="2021-03-02T19:38:08 IST" finished-at="2021-03-02T19:39:12 IST">
          <reporter-output>
          </reporter-output>
        </test-method> <!-- initlize -->
        <test-method status="PASS" signature="basepagenavigation()[pri:0, instance:Acardemy.Homepage@1f57539]" name="basepagenavigation" duration-ms="637" started-at="2021-03-02T19:40:55 IST" finished-at="2021-03-02T19:40:55 IST">
          <reporter-output>
          </reporter-output>
        </test-method> <!-- basepagenavigation -->
        <test-method status="PASS" signature="closebrowser()[pri:0, instance:Acardemy.Homepage@1f57539]" name="closebrowser" is-config="true" duration-ms="1574" started-at="2021-03-02T19:40:55 IST" finished-at="2021-03-02T19:40:57 IST">
          <reporter-output>
          </reporter-output>
        </test-method> <!-- closebrowser -->
      </class> <!-- Acardemy.Homepage -->
      <class name="Acardemy.Validatepage">
        <test-method status="PASS" signature="basepagenavigation(java.lang.String,java.lang.String)[pri:0, instance:Acardemy.Validatepage@27a8c74e]" name="basepagenavigation" duration-ms="59560" started-at="2021-03-02T19:39:12 IST" data-provider="getdata" finished-at="2021-03-02T19:40:12 IST">
          <params>
            <param index="0">
              <value>
                <![CDATA[abc@gmail.com]]>
              </value>
            </param>
            <param index="1">
              <value>
                <![CDATA[12345]]>
              </value>
            </param>
          </params>
          <reporter-output>
          </reporter-output>
        </test-method> <!-- basepagenavigation -->
        <test-method status="PASS" signature="basepagenavigation(java.lang.String,java.lang.String)[pri:0, instance:Acardemy.Validatepage@27a8c74e]" name="basepagenavigation" duration-ms="42834" started-at="2021-03-02T19:40:12 IST" data-provider="getdata" finished-at="2021-03-02T19:40:55 IST">
          <params>
            <param index="0">
              <value>
                <![CDATA[cde@gmail.com]]>
              </value>
            </param>
            <param index="1">
              <value>
                <![CDATA[8783]]>
              </value>
            </param>
          </params>
          <reporter-output>
          </reporter-output>
        </test-method> <!-- basepagenavigation -->
        <test-method status="PASS" signature="closebrowser()[pri:0, instance:Acardemy.Validatepage@27a8c74e]" name="closebrowser" is-config="true" duration-ms="2149" started-at="2021-03-02T19:40:57 IST" finished-at="2021-03-02T19:40:59 IST">
          <reporter-output>
          </reporter-output>
        </test-method> <!-- closebrowser -->
      </class> <!-- Acardemy.Validatepage -->
    </test> <!-- Test -->
  </suite> <!-- Suite -->
</testng-results>
